<?xml version="1.0" encoding="UTF-8"?>
<!-- Generated by org.testng.reporters.JUnitReportReporter -->
<testsuite skipped="0" hostname="4BKV1G2" name="testcases.LoginTest" tests="1" failures="0" timestamp="15 Jan 2019 07:27:42 GMT" time="3.120" errors="0">
  <testcase name="loginTest" time="3.120" classname="testcases.LoginTest"/>
</testsuite> <!-- testcases.LoginTest -->
