<?xml version="1.0" encoding="UTF-8"?>
<!-- Generated by org.testng.reporters.JUnitReportReporter -->
<testsuite skipped="0" hostname="4BKV1G2" name="testcases.LoginTest" tests="1" failures="0" timestamp="15 Jan 2019 13:54:38 GMT" time="7.265" errors="0">
  <testcase name="loginTest" time="7.265" classname="testcases.LoginTest"/>
</testsuite> <!-- testcases.LoginTest -->
