<?xml version="1.0" encoding="UTF-8"?>
<!-- Generated by org.testng.reporters.JUnitReportReporter -->
<testsuite skipped="0" hostname="4BKV1G2" name="testcases.CreateAccountTest" tests="1" failures="0" timestamp="16 Jan 2019 03:25:55 GMT" time="31.715" errors="0">
  <testcase name="createAccountTest" time="31.715" classname="testcases.CreateAccountTest"/>
</testsuite> <!-- testcases.CreateAccountTest -->
